f:\github\csv_utf_8\csv_utf_8\debug\moc_csv_utf_8.obj
f:\github\csv_utf_8\csv_utf_8\debug\csv_utf_8.obj
f:\github\csv_utf_8\csv_utf_8\debug\main.obj
f:\github\csv_utf_8\csv_utf_8\debug\qrc_csv_utf_8.obj
f:\github\csv_utf_8\csv_utf_8\debug\vc141.pdb
f:\github\csv_utf_8\csv_utf_8\generatedfiles\debug\moc_csv_utf_8.cpp
f:\github\csv_utf_8\csv_utf_8\generatedfiles\qrc_csv_utf_8.cpp
f:\github\csv_utf_8\csv_utf_8\generatedfiles\ui_csv_utf_8.h
f:\github\csv_utf_8\win32\debug\csv_utf_8.exe
f:\github\csv_utf_8\win32\debug\csv_utf_8.ilk
f:\github\csv_utf_8\win32\debug\csv_utf_8.pdb
f:\github\csv_utf_8\csv_utf_8\.\generatedfiles\debug\moc_csv_utf_8.cpp
f:\github\csv_utf_8\csv_utf_8\.\generatedfiles\qrc_csv_utf_8.cpp
f:\github\csv_utf_8\csv_utf_8\.\generatedfiles\ui_csv_utf_8.h
f:\github\csv_utf_8\csv_utf_8\debug\csv_utf_8.tlog\cl.command.1.tlog
f:\github\csv_utf_8\csv_utf_8\debug\csv_utf_8.tlog\cl.read.1.tlog
f:\github\csv_utf_8\csv_utf_8\debug\csv_utf_8.tlog\cl.write.1.tlog
f:\github\csv_utf_8\csv_utf_8\debug\csv_utf_8.tlog\csv_utf_8.write.1u.tlog
f:\github\csv_utf_8\csv_utf_8\debug\csv_utf_8.tlog\link.command.1.tlog
f:\github\csv_utf_8\csv_utf_8\debug\csv_utf_8.tlog\link.read.1.tlog
f:\github\csv_utf_8\csv_utf_8\debug\csv_utf_8.tlog\link.write.1.tlog
f:\github\csv_utf_8\csv_utf_8\debug\csv_utf_8.tlog\qtmoc.read.1u.tlog
f:\github\csv_utf_8\csv_utf_8\debug\csv_utf_8.tlog\qtmoc.write.1u.tlog
f:\github\csv_utf_8\csv_utf_8\debug\csv_utf_8.tlog\qtrcc.read.1u.tlog
f:\github\csv_utf_8\csv_utf_8\debug\csv_utf_8.tlog\qtrcc.write.1u.tlog
f:\github\csv_utf_8\csv_utf_8\debug\csv_utf_8.tlog\qtuic.read.1u.tlog
f:\github\csv_utf_8\csv_utf_8\debug\csv_utf_8.tlog\qtuic.write.1u.tlog
